* using log directory ‘/Users/Loielaine/Desktop/Good_Good_Study/2018Fall/BIOSTAT615_Statistic_Computing/project/Rpackage_rrenv/rrenv.Rcheck’
* using R version 3.4.0 (2017-04-21)
* using platform: x86_64-apple-darwin15.6.0 (64-bit)
* using session charset: UTF-8
* checking for file ‘rrenv/DESCRIPTION’ ... OK
* checking extension type ... Package
* this is package ‘rrenv’ version ‘1.0’
* checking package namespace information ... OK
* checking package dependencies ... OK
* checking if this is a source package ... WARNING
Subdirectory ‘rrenv/src’ contains apparent object files/libraries
  RcppExports.o rcpp_hello_world.o rrenv.o rrenv.so
Object files/libraries should not be included in a source package.
* checking if there is a namespace ... OK
* checking for executable files ... OK
* checking for hidden files and directories ... NOTE
Found the following hidden files and directories:
  .DS_Store
  src/.DS_Store
  src/.Rhistory
These were most likely included in error. See section ‘Package
structure’ in the ‘Writing R Extensions’ manual.
* checking for portable file names ... OK
* checking for sufficient/correct file permissions ... OK
* checking whether package ‘rrenv’ can be installed ... WARNING
Found the following significant warnings:
  Warning: package ‘Renvlp’ was built under R version 3.4.3
  Warning: package ‘expm’ was built under R version 3.4.4
  Warning: package ‘rstudioapi’ was built under R version 3.4.4
  Warning: package ‘MASS’ was built under R version 3.4.4
See ‘/Users/Loielaine/Desktop/Good_Good_Study/2018Fall/BIOSTAT615_Statistic_Computing/project/Rpackage_rrenv/rrenv.Rcheck/00install.out’ for details.
* checking installed package size ... OK
* checking package directory ... OK
* checking DESCRIPTION meta-information ... NOTE
Checking should be performed on sources prepared by ‘R CMD build’.
* checking top-level files ... OK
* checking for left-over files ... OK
* checking index information ... OK
* checking package subdirectories ... OK
* checking R files for non-ASCII characters ... OK
* checking R files for syntax errors ... OK
* checking whether the package can be loaded ... OK
* checking whether the package can be loaded with stated dependencies ... OK
* checking whether the package can be unloaded cleanly ... OK
* checking whether the namespace can be loaded with stated dependencies ... OK
* checking whether the namespace can be unloaded cleanly ... OK
* checking loading without being on the library search path ... OK
* checking dependencies in R code ... WARNING
'::' or ':::' import not declared from: ‘scales’
* checking S3 generic/method consistency ... OK
* checking replacement functions ... OK
* checking foreign function calls ... OK
* checking R code for possible problems ... NOTE
rcpp_hello_world: no visible binding for global variable
  ‘_rrenv_rcpp_hello_world’
rrenv : rrenv.given_du: no visible global function definition for ‘env’
rrenv : rrenv.given_du : <anonymous>: no visible global function
  definition for ‘dmvnorm’
rrenv.choose_du : rrenv.given_du: no visible global function definition
  for ‘env’
rrenv.choose_du : <anonymous>: no visible global function definition
  for ‘dmvnorm’
rrenv.choose_du: no visible global function definition for ‘ddply’
rrenv.choose_du: no visible global function definition for ‘.’
rrenv.choose_du: no visible binding for global variable ‘AIC’
rrenv.choose_du: no visible global function definition for ‘ggplot’
rrenv.choose_du: no visible global function definition for ‘aes’
rrenv.choose_du: no visible global function definition for ‘theme_gray’
rrenv.choose_du: no visible global function definition for ‘geom_tile’
rrenv.choose_du: no visible binding for global variable ‘rescale’
rrenv.choose_du: no visible global function definition for
  ‘scale_fill_gradient’
rrenv.choose_du: no visible binding for global variable ‘Error_in_Beta’
Undefined global functions or variables:
  . AIC Error_in_Beta _rrenv_rcpp_hello_world aes ddply dmvnorm env
  geom_tile ggplot rescale scale_fill_gradient theme_gray
Consider adding
  importFrom("stats", "AIC")
to your NAMESPACE file.
* checking Rd files ... WARNING
rrenv-package.Rd: non-ASCII input and no declared encoding
problem found in ‘rrenv-package.Rd’
* checking Rd metadata ... OK
* checking Rd cross-references ... OK
* checking for missing documentation entries ... WARNING
Undocumented code objects:
  ‘Sigma’ ‘X’ ‘Y’ ‘beta’ ‘error_table’ ‘est’ ‘fit_values’ ‘i’ ‘mu’
  ‘package.check’ ‘packages’ ‘rcpp_hello_world’ ‘residual_variance’
  ‘residuals’ ‘rrenv’ ‘rrenv.choose_du’
All user-level objects in a package should have documentation entries.
See chapter ‘Writing R documentation files’ in the ‘Writing R
Extensions’ manual.
* checking for code/documentation mismatches ... OK
* checking Rd \usage sections ... OK
* checking Rd contents ... OK
* checking for unstated dependencies in examples ... WARNING
no parsed files found
* checking line endings in C/C++/Fortran sources/headers ... OK
* checking compiled code ... NOTE
File ‘rrenv/libs/rrenv.so’:
  Found ‘__ZNSt3__14coutE’, possibly from ‘std::cout’ (C++)
    Object: ‘rrenv.o’

Compiled code should not call entry points which might terminate R nor
write to stdout/stderr instead of to the console, nor the system RNG.

See ‘Writing portable packages’ in the ‘Writing R Extensions’ manual.
* checking examples ... NONE
* checking PDF version of manual ... OK
* DONE
Status: 6 WARNINGs, 4 NOTEs
